1559316978923	mozrunner::runner	INFO	Running command: "C:/Program Files/Mozilla Firefox/firefox.exe" "-marionette" "-foreground" "-no-remote" "-profile" "C:\\Users\\AYUSH\\AppData\\Local\\Temp\\rust_mozprofile.OYtaef8gC7WX"
1559316982736	addons.webextension.screenshots@mozilla.org	WARN	Loading extension 'screenshots@mozilla.org': Reading manifest: Invalid extension permission: mozillaAddons
1559316982736	addons.webextension.screenshots@mozilla.org	WARN	Loading extension 'screenshots@mozilla.org': Reading manifest: Invalid extension permission: resource://pdf.js/
1559316982737	addons.webextension.screenshots@mozilla.org	WARN	Loading extension 'screenshots@mozilla.org': Reading manifest: Invalid extension permission: about:reader*
[Parent 13564, Gecko_IOThread] WARNING: pipe error: 109: file z:/build/build/src/ipc/chromium/src/chrome/common/ipc_channel_win.cc, line 332
[Child 22176, Chrome_ChildThread] WARNING: pipe error: 109: file z:/build/build/src/ipc/chromium/src/chrome/common/ipc_channel_win.cc, line 332
[Child 221761559316993179	Marionette	INFO	Listening on port 53673
1559316993314	Marionette	WARN	TLS certificate errors will be ignored for this session
[Parent 13564, Gecko_IOThread] WARNING: pipe error: 109: file z:/build/build/src/ipc/chromium/src/chrome/common/ipc_channel_win.cc, line 332
[Child 17656, Chrome_ChildThread] WARNING: pipe error: 109: file z:/build/build/src/ipc/chromium/src/chrome/common/ipc_chann[el_win.cc, lChild 20512, Chrome_ChildThread] WARNIine 332
NG: pipe err[Cor: 109: file z:/build/build/src/ipc/chromium/src/chrome/common/ipc_channel_win.cc, line 332
[Chil1559317094416	Marionette	INFO	Stopped listening on port 53673

###!!! [Child][RunMessage] Error: Channel closing: too late to send/recv, messages will be lost

[GPU 18040, Chrome_ChildThread] WARNING: pipe
###!!! [Child][MessageChannel::SendAndWait] Error: Channel error: cannot send/recv

der*
1559317032098	Marionette	INFO	Listening on port 53763
1559317032171	Marionette	WARN	TLS certificate errors will be ignored for this session
[Child 15828, Chrome_ChildThread] WARNING: pipe error: 109: file z:/build/build/src/ipc/chromium/src/chrome/common/ipc_channel_win.cc, line 332
[Child 151559317094458	Marionette	INFO	Stopped listening on port 53763

###!!! [Child][MessageChannel::SendAndWait] Error: Channel error: cannot send/recv

'screenshots@mozilla.org': Reading manifest: Invalid extension permission: mozillaAddons
1559317076586	addons.webextension.screenshots@mozilla.org	WARN	Loading extension 'screenshots@mozilla.org': Reading manifest: Invalid extension permission: resource://pdf.js/
1559317076587	addons.webextension.screenshots@mozilla.org	WARN	Loading extension 'screenshots@mozilla.org': Reading manifest: Invalid extension permission: about:reader*
1559317086491	Marionette	INFO	Listening on port 53842
[Child 23760, Chrome_ChildThread] WARNING: pipe error: 109: file z:/build/build/src/ipc/chromium/src/chrome/common/ipc_channel_win.cc, line 332
[Child 2371559317086523	Marionette	WARN	TLS certificate errors will be ignored for this session
[Parent 24444, Gecko_IOThread] WARNING: pipe error: 109: file z:/build/build/src/ipc/chromium/src/chrome/common/ipc_channel_win.cc, line 332
[Parent 24444, Gecko_IOThread] WARNING: pipe error: 109: file z:/build/build/src/ipc/chromium/src/chrome/common/ipc_channel_win.cc, line 332
[Child 9060, Chrome_ChildThread] WARNING: pipe error: 109: file z:/build/build/src/ipc/chromium/src/chrome/common/ipc_channel_win.cc, line 332
[Child 9060, Chrome_ChildThread[Parent 24444, Gecko_IOThread] WARNING: pipe error: 109: file z:/build/build/src/ipc/chromium/src/chrome/common/ipc_channel_win.cc, line 332
[Child 24352, Chrome_ChildThread] WARNING: pipe error: 109: file z:/build/build/src/ipc/chromium/src/chrome/common/ipc_channel_win.cc, line 332
[Child1559317224902	Marionette	INFO	Stopped listening on port 53842

###!!! [Child][RunMessage] Error: Channel closing: too late to send/recv, messages will be lost

[GPU 2404
###!!! [Child][MessageChannel::SendAndWait] Error: Channel error: cannot send/recv

